"../../../Engine/Content/Functions/Engine_MaterialFunctions02/Lerp_3Color.uasset" 0
"../../../../../../Users/froms/Documents/Unreal Projects/Mortem/Content/d8288082d86a2a8f7f543e1a19e15c373eb8c42b.uasset" 1
"../../../../../../Users/froms/Documents/Unreal Projects/Mortem/Content/FireMat.uasset" 2
"../../../Engine/Content/Functions/Engine_MaterialFunctions01/Density/ExponentialDensity.uasset" 3
"../../../Engine/Content/Functions/Engine_MaterialFunctions01/Gradient/RadialGradientExponential.uasset" 4
"../../../../../../Users/froms/Documents/Unreal Projects/Mortem/Content/Effects/Materials/Fire.uasset" 5
"../../../../../../Users/froms/Documents/Unreal Projects/Mortem/Content/Effects/FireParticle.uasset" 6
"../../../../../../Users/froms/Documents/Unreal Projects/Mortem/Content/FireParticle.uasset" 7
"../../../../../../Users/froms/Documents/Unreal Projects/Mortem/Content/ShardDisplay.uasset" 8
"../../../../../../Users/froms/Documents/Unreal Projects/Mortem/Content/Audio/Music/Fallharbor_Mortem_mainMenu_v002.uasset" 9
"../../../../../../Users/froms/Documents/Unreal Projects/Mortem/Content/Blueprints/Data/DialogueStructure.uasset" 10
"../../../../../../Users/froms/Documents/Unreal Projects/Mortem/Content/Blueprints/Gameplay/NullObject.uasset" 11
"../../../Engine/Content/EngineFonts/Faces/DroidSansFallback.uasset" 12
"../../../Engine/Content/EngineFonts/Faces/RobotoTiny.uasset" 13
"../../../Engine/Content/EngineFonts/RobotoTiny.uasset" 14
"../../../../../../Users/froms/Documents/Unreal Projects/Mortem/Content/Blueprints/GUI/OptionsMenu/UI_GameOptions.uasset" 15
"../../../../../../Users/froms/Documents/Unreal Projects/Mortem/Content/Geometry/WW2/Materials/Fencemask.uasset" 16
"../../../../../../Users/froms/Documents/Unreal Projects/Mortem/Content/Geometry/WW2/Materials/RazorWire.uasset" 17
"../../../../../../Users/froms/Documents/Unreal Projects/Mortem/Content/Geometry/WW2/Props/RazorWire.uasset" 18
"../../../../../../Users/froms/Documents/Unreal Projects/Mortem/Content/Blueprints/Props/BarbWire.uasset" 19
"../../../Engine/Content/Functions/Engine_MaterialFunctions02/Utility/BreakOutFloat2Components.uasset" 20
"../../../Engine/Content/EngineMaterials/DefaultDiffuse.uasset" 21
"../../../Engine/Content/EngineMaterials/DefaultPostProcessMaterial.uasset" 22
"../../../../../../Users/froms/Documents/Unreal Projects/Mortem/Content/Effects/Ribbon.uasset" 23
"../../../../../../Users/froms/Documents/Unreal Projects/Mortem/Content/FirstPerson/Character/Mesh/SK_Mannequin_Arms_Skeleton.uasset" 24
"../../../../../../Users/froms/Documents/Unreal Projects/Mortem/Content/FirstPerson/Animations/FirstPerson_Fire.uasset" 25
"../../../../../../Users/froms/Documents/Unreal Projects/Mortem/Content/FirstPerson/Animations/FirstPersonFire_Montage.uasset" 26
"../../../../../../Users/froms/Documents/Unreal Projects/Mortem/Content/FirstPerson/Animations/FirstPerson_Idle.uasset" 27
"../../../../../../Users/froms/Documents/Unreal Projects/Mortem/Content/FirstPerson/Animations/FirstPerson_JumpEnd.uasset" 28
"../../../../../../Users/froms/Documents/Unreal Projects/Mortem/Content/FirstPerson/Animations/FirstPerson_JumpLoop.uasset" 29
"../../../../../../Users/froms/Documents/Unreal Projects/Mortem/Content/FirstPerson/Animations/FirstPerson_JumpStart.uasset" 30
"../../../../../../Users/froms/Documents/Unreal Projects/Mortem/Content/FirstPerson/Animations/FirstPerson_Run.uasset" 31
"../../../Engine/Content/EditorBlueprintResources/StandardMacros.uasset" 32
"../../../../../../Users/froms/Documents/Unreal Projects/Mortem/Content/FirstPerson/Animations/FirstPerson_AnimBP.uasset" 33
"../../../../../../Users/froms/Documents/Unreal Projects/Mortem/Content/FirstPerson/Audio/FirstPersonTemplateWeaponFire02.uasset" 34
"../../../Engine/Content/Functions/Engine_MaterialFunctions02/Utility/BlendAngleCorrectedNormals.uasset" 35
"../../../Engine/Content/Functions/MaterialLayerFunctions/MatLayerBlend_NormalBlend.uasset" 36
"../../../Engine/Content/Functions/MaterialLayerFunctions/MatLayerBlend_Simple.uasset" 37
"../../../../../../Users/froms/Documents/Unreal Projects/Mortem/Content/FirstPerson/Character/Materials/MaterialLayers/T_ML_Rubber_Blue_01_D.uasset" 38
"../../../../../../Users/froms/Documents/Unreal Projects/Mortem/Content/FirstPerson/Character/Materials/MaterialLayers/T_ML_Rubber_Blue_01_N.uasset" 39
"../../../../../../Users/froms/Documents/Unreal Projects/Mortem/Content/FirstPerson/Character/Materials/MaterialLayers/ML_GlossyBlack_Latex_UE4.uasset" 40
"../../../../../../Users/froms/Documents/Unreal Projects/Mortem/Content/FirstPerson/Character/Materials/MaterialLayers/ML_Plastic_Shiny_Beige.uasset" 41
"../../../../../../Users/froms/Documents/Unreal Projects/Mortem/Content/FirstPerson/Character/Textures/UE4_LOGO_CARD.uasset" 42
"../../../../../../Users/froms/Documents/Unreal Projects/Mortem/Content/FirstPerson/Character/Materials/MaterialLayers/ML_Plastic_Shiny_Beige_LOGO.uasset" 43
"../../../../../../Users/froms/Documents/Unreal Projects/Mortem/Content/FirstPerson/Character/Materials/MaterialLayers/T_ML_Aluminum01.uasset" 44
"../../../../../../Users/froms/Documents/Unreal Projects/Mortem/Content/FirstPerson/Character/Materials/MaterialLayers/T_ML_Aluminum01_N.uasset" 45
"../../../../../../Users/froms/Documents/Unreal Projects/Mortem/Content/FirstPerson/Character/Materials/MaterialLayers/ML_SoftMetal_UE4.uasset" 46
"../../../../../../Users/froms/Documents/Unreal Projects/Mortem/Content/FirstPerson/Character/Textures/UE4_Mannequin__normals.uasset" 47
"../../../../../../Users/froms/Documents/Unreal Projects/Mortem/Content/FirstPerson/Character/Textures/UE4_Mannequin_MAT_MASKA.uasset" 48
"../../../../../../Users/froms/Documents/Unreal Projects/Mortem/Content/FirstPerson/Character/Materials/M_UE4Man_Body.uasset" 49
"../../../../../../Users/froms/Documents/Unreal Projects/Mortem/Content/FirstPerson/Character/Mesh/SK_Mannequin_Arms_PhysicsAsset.uasset" 50
"../../../../../../Users/froms/Documents/Unreal Projects/Mortem/Content/FirstPerson/Character/Mesh/SK_Mannequin_Arms.uasset" 51
"../../../../../../Users/froms/Documents/Unreal Projects/Mortem/Content/FirstPerson/FPWeapon/Materials/MaterialLayers/ML_Plastic_Shiny_Beige_LOGO.uasset" 52
"../../../../../../Users/froms/Documents/Unreal Projects/Mortem/Content/FirstPerson/FPWeapon/Materials/MaterialLayers/T_ML_FineRubber.uasset" 53
"../../../../../../Users/froms/Documents/Unreal Projects/Mortem/Content/FirstPerson/FPWeapon/Materials/MaterialLayers/T_ML_Rubber_Blue_01_D.uasset" 54
"../../../../../../Users/froms/Documents/Unreal Projects/Mortem/Content/FirstPerson/FPWeapon/Materials/MaterialLayers/T_ML_Rubber_Blue_01_N.uasset" 55
"../../../../../../Users/froms/Documents/Unreal Projects/Mortem/Content/FirstPerson/FPWeapon/Materials/MaterialLayers/ML_GlossyBlack_Latex_UE4.uasset" 56
"../../../../../../Users/froms/Documents/Unreal Projects/Mortem/Content/FirstPerson/FPWeapon/Materials/MaterialLayers/ML_Plastic_Shiny_Beige.uasset" 57
"../../../../../../Users/froms/Documents/Unreal Projects/Mortem/Content/FirstPerson/FPWeapon/Materials/MaterialLayers/ML_Screen.uasset" 58
"../../../../../../Users/froms/Documents/Unreal Projects/Mortem/Content/FirstPerson/FPWeapon/Materials/MaterialLayers/T_ML_Aluminum01.uasset" 59
"../../../../../../Users/froms/Documents/Unreal Projects/Mortem/Content/FirstPerson/FPWeapon/Materials/MaterialLayers/T_ML_Aluminum01_N.uasset" 60
"../../../../../../Users/froms/Documents/Unreal Projects/Mortem/Content/FirstPerson/FPWeapon/Materials/MaterialLayers/ML_SoftMetal_UE4.uasset" 61
"../../../../../../Users/froms/Documents/Unreal Projects/Mortem/Content/FirstPerson/FPWeapon/Textures/T_FPGun_M.uasset" 62
"../../../../../../Users/froms/Documents/Unreal Projects/Mortem/Content/FirstPerson/FPWeapon/Textures/T_FPGun_N.uasset" 63
"../../../../../../Users/froms/Documents/Unreal Projects/Mortem/Content/FirstPerson/FPWeapon/Materials/M_FPGun.uasset" 64
"../../../../../../Users/froms/Documents/Unreal Projects/Mortem/Content/FirstPerson/FPWeapon/Mesh/SK_FPGun_Skeleton.uasset" 65
"../../../../../../Users/froms/Documents/Unreal Projects/Mortem/Content/FirstPerson/FPWeapon/Mesh/SK_FPGun.uasset" 66
"../../../../../../Users/froms/Documents/Unreal Projects/Mortem/Content/FirstPerson/FPWeapon/Mesh/SK_FPGun_PhysicsAsset.uasset" 67
"../../../../../../Users/froms/Documents/Unreal Projects/Mortem/Content/FirstPerson/Meshes/BaseMaterial.uasset" 68
"../../../../../../Users/froms/Documents/Unreal Projects/Mortem/Content/FirstPerson/Meshes/FirstPersonProjectileMaterial.uasset" 69
"../../../../../../Users/froms/Documents/Unreal Projects/Mortem/Content/FirstPerson/Meshes/FirstPersonProjectileMesh.uasset" 70
"../../../../../../Users/froms/Documents/Unreal Projects/Mortem/Content/FirstPerson/Textures/FirstPersonCrosshair.uasset" 71
"../../../../../../Users/froms/Documents/Unreal Projects/Mortem/Content/Geometry/Meshes/CubeMaterial.uasset" 72
"../../../../../../Users/froms/Documents/Unreal Projects/Mortem/Content/Geometry/Meshes/1M_Cube_Chamfer.uasset" 73
"../../../../../../Users/froms/Documents/Unreal Projects/Mortem/Content/Geometry/Meshes/CampfireAssets_Firepit_001.uasset" 74
"../../../../../../Users/froms/Documents/Unreal Projects/Mortem/Content/Geometry/Meshes/Material.uasset" 75
"../../../../../../Users/froms/Documents/Unreal Projects/Mortem/Content/Geometry/Meshes/Material_001.uasset" 76
"../../../../../../Users/froms/Documents/Unreal Projects/Mortem/Content/Geometry/Meshes/Material_002.uasset" 77
"../../../Engine/Content/Functions/Engine_MaterialFunctions01/Texturing/FlattenNormal.uasset" 78
"../../../../../../Users/froms/Documents/Unreal Projects/Mortem/Content/Geometry/Shards/Material/MF_Gem_Color.uasset" 79
"../../../../../../Users/froms/Documents/Unreal Projects/Mortem/Content/Geometry/Shards/Material/ShardNormal.uasset" 80
"../../../../../../Users/froms/Documents/Unreal Projects/Mortem/Content/Geometry/Shards/Material/Water.uasset" 81
"../../../../../../Users/froms/Documents/Unreal Projects/Mortem/Content/Geometry/Shards/Material/MF_IcyNoise.uasset" 82
"../../../../../../Users/froms/Documents/Unreal Projects/Mortem/Content/Geometry/Shards/Material/AnisotropicNoise.uasset" 83
"../../../../../../Users/froms/Documents/Unreal Projects/Mortem/Content/Geometry/Shards/Material/cloudnoise.uasset" 84
"../../../../../../Users/froms/Documents/Unreal Projects/Mortem/Content/Geometry/Shards/Material/cloudnoiseDark.uasset" 85
"../../../../../../Users/froms/Documents/Unreal Projects/Mortem/Content/Geometry/Shards/Material/Cracks.uasset" 86
"../../../../../../Users/froms/Documents/Unreal Projects/Mortem/Content/Geometry/Shards/Material/rockClaritytexture.uasset" 87
"../../../../../../Users/froms/Documents/Unreal Projects/Mortem/Content/Geometry/Shards/Material/rocktexture.uasset" 88
"../../../../../../Users/froms/Documents/Unreal Projects/Mortem/Content/Geometry/Shards/Material/Gem.uasset" 89
"../../../../../../Users/froms/Documents/Unreal Projects/Mortem/Content/Geometry/Shards/Material/MI_Shard.uasset" 90
"../../../../../../Users/froms/Documents/Unreal Projects/Mortem/Content/Geometry/Meshes/skull.uasset" 91
"../../../../../../Users/froms/Documents/Unreal Projects/Mortem/Content/Geometry/Meshes/TemplateFloor.uasset" 92
"../../../../../../Users/froms/Documents/Unreal Projects/Mortem/Content/Geometry/WW2/Materials/Mud.uasset" 93
"../../../../../../Users/froms/Documents/Unreal Projects/Mortem/Content/Geometry/WW2/Materials/MI_Mud.uasset" 94
"../../../../../../Users/froms/Documents/Unreal Projects/Mortem/Content/Geometry/WW2/MI_Mud.uasset" 95
"../../../../../../Users/froms/Documents/Unreal Projects/Mortem/Content/Geometry/WW2/Landscape/Channel.uasset" 96
"../../../../../../Users/froms/Documents/Unreal Projects/Mortem/Content/Geometry/WW2/Channel.uasset" 97
"../../../../../../Users/froms/Documents/Unreal Projects/Mortem/Content/Geometry/WW2/Landscape/Channel_flat.uasset" 98
"../../../../../../Users/froms/Documents/Unreal Projects/Mortem/Content/Geometry/WW2/Materials/MI_Logs.uasset" 99
"../../../../../../Users/froms/Documents/Unreal Projects/Mortem/Content/Geometry/WW2/Props/Log.uasset" 100
"../../../../../../Users/froms/Documents/Unreal Projects/Mortem/Content/Blueprints/World/ChannelEnd.uasset" 101
"../../../../../../Users/froms/Documents/Unreal Projects/Mortem/Content/Geometry/WW2/ChannelEnd.uasset" 102
"../../../../../../Users/froms/Documents/Unreal Projects/Mortem/Content/Geometry/WW2/Landscape/SimpleAssets_Plane.uasset" 103
"../../../../../../Users/froms/Documents/Unreal Projects/Mortem/Content/Geometry/WW2/Props/Plank.uasset" 104
"../../../../../../Users/froms/Documents/Unreal Projects/Mortem/Content/Blueprints/World/ChannelLong.uasset" 105
"../../../../../../Users/froms/Documents/Unreal Projects/Mortem/Content/Geometry/WW2/ChannelLong.uasset" 106
"../../../../../../Users/froms/Documents/Unreal Projects/Mortem/Content/Geometry/WW2/Landscape/ChannelCircle_Plane_003.uasset" 107
"../../../../../../Users/froms/Documents/Unreal Projects/Mortem/Content/Blueprints/World/ChannelOpen.uasset" 108
"../../../../../../Users/froms/Documents/Unreal Projects/Mortem/Content/Geometry/WW2/ChannelOpen.uasset" 109
"../../../../../../Users/froms/Documents/Unreal Projects/Mortem/Content/Blueprints/World/ChannelSplit.uasset" 110
"../../../../../../Users/froms/Documents/Unreal Projects/Mortem/Content/Geometry/WW2/ChannelSplit.uasset" 111
"../../../../../../Users/froms/Documents/Unreal Projects/Mortem/Content/Geometry/WW2/Materials/Pallet.uasset" 112
"../../../../../../Users/froms/Documents/Unreal Projects/Mortem/Content/Geometry/WW2/Materials/Wood.uasset" 113
"../../../../../../Users/froms/Documents/Unreal Projects/Mortem/Content/Geometry/WW2/Materials/Box.uasset" 114
"../../../../../../Users/froms/Documents/Unreal Projects/Mortem/Content/Geometry/WW2/Materials/Cross.uasset" 115
"../../../../../../Users/froms/Documents/Unreal Projects/Mortem/Content/Geometry/WW2/Props/Box.uasset" 116
"../../../../../../Users/froms/Documents/Unreal Projects/Mortem/Content/Geometry/WW2/Props/itemsWW2_Medpack.uasset" 117
"../../../../../../Users/froms/Documents/Unreal Projects/Mortem/Content/Geometry/WW2/Props/Shovel.uasset" 118
"../../../../../../Users/froms/Documents/Unreal Projects/Mortem/Content/Geometry/WW2/Props/itemsWW2_Shovel.uasset" 119
"../../../Engine/Content/Animation/DefaultAnimCurveCompressionSettings.uasset" 120
"../../../Engine/Content/Functions/Engine_MaterialFunctions01/Opacity/CameraDepthFade.uasset" 121
"../../../Engine/Content/EngineMaterials/T_Default_Material_Grid_M.uasset" 122
"../../../Engine/Content/EngineMaterials/T_Default_Material_Grid_N.uasset" 123
"../../../Engine/Content/EngineMaterials/WorldGridMaterial.uasset" 124
"../../../Engine/Content/ArtTools/RenderToTexture/Meshes/S_1_Unit_Plane.uasset" 125
"../../../Engine/Content/EngineMaterials/DefaultMaterial.uasset" 126
"../../../Engine/Content/BasicShapes/Cone.uasset" 127
"../../../Engine/Content/BasicShapes/Cylinder.uasset" 128
"../../../Engine/Content/BasicShapes/Plane.uasset" 129
"../../../Engine/Content/EditorLandscapeResources/DataLayer.uasset" 130
"../../../Engine/Content/EditorMaterials/MAT_Groups_Toggle.uasset" 131
"../../../Engine/Content/EditorMaterials/MAT_Groups_Visibility.uasset" 132
"../../../Engine/Content/EditorMaterials/PreviewShadowIndicator.uasset" 133
"../../../Engine/Content/EditorMaterials/PreviewShadowIndicatorMaterial.uasset" 134
"../../../Engine/Content/EditorMaterials/MatineeGroups/MAT_ColorTrack.uasset" 135
"../../../Engine/Content/EditorMaterials/MatineeGroups/MAT_Groups_Anim.uasset" 136
"../../../Engine/Content/EditorMaterials/MatineeGroups/MAT_Groups_AudioMaster.uasset" 137
"../../../Engine/Content/EditorMaterials/MatineeGroups/MAT_Groups_Director.uasset" 138
"../../../Engine/Content/EditorMaterials/MatineeGroups/MAT_Groups_Event.uasset" 139
"../../../Engine/Content/EditorMaterials/MatineeGroups/MAT_Groups_Fade.uasset" 140
"../../../Engine/Content/EditorMaterials/MatineeGroups/MAT_Groups_Float.uasset" 141
"../../../Engine/Content/EditorMaterials/MatineeGroups/MAT_Groups_Move.uasset" 142
"../../../Engine/Content/EditorMaterials/MatineeGroups/MAT_Groups_Slomo.uasset" 143
"../../../Engine/Content/EditorMaterials/MatineeGroups/MAT_Groups_Sound.uasset" 144
"../../../Engine/Content/EditorMaterials/MatineeGroups/MAT_Groups_Vector.uasset" 145
"../../../Engine/Content/EditorMaterials/ParticleSystems/PSysThumbnail_NoImage.uasset" 146
"../../../Engine/Content/EditorMaterials/ParticleSystems/PSysThumbnail_OOD.uasset" 147
"../../../Engine/Content/EditorMaterials/Camera/CineMat.uasset" 148
"../../../Engine/Content/EditorMaterials/Camera/MI_CineMat_Rig.uasset" 149
"../../../Engine/Content/EditorMeshes/Camera/SM_CraneRig_Arm.uasset" 150
"../../../Engine/Content/EditorMeshes/Camera/SM_CraneRig_Base.uasset" 151
"../../../Engine/Content/EditorMeshes/Camera/SM_CraneRig_Body.uasset" 152
"../../../Engine/Content/EditorMeshes/Camera/SM_CraneRig_Mount.uasset" 153
"../../../Engine/Content/EditorMeshes/Camera/SM_RailRig_Mount.uasset" 154
"../../../Engine/Content/EditorMeshes/Camera/SM_RailRig_Track.uasset" 155
"../../../Engine/Content/EditorResources/BSPVertex.uasset" 156
"../../../Engine/Content/EditorResources/EmptyActor.uasset" 157
"../../../Engine/Content/EditorResources/S_Actor.uasset" 158
"../../../Engine/Content/EditorResources/S_Note.uasset" 159
"../../../Engine/Content/EditorResources/S_Solver.uasset" 160
"../../../Engine/Content/EditorResources/S_Trigger.uasset" 161
"../../../Engine/Content/EditorResources/AudioIcons/S_AudioComponent_AutoActivate.uasset" 162
"../../../Engine/Content/EditorResources/LightIcons/S_LightError.uasset" 163
"../../../Engine/Content/EditorResources/SequenceRecorder/Countdown.uasset" 164
"../../../Engine/Content/EditorResources/SequenceRecorder/RecordingIndicator.uasset" 165
"../../../Engine/Content/EditorSounds/Notifications/CompileFailed.uasset" 166
"../../../Engine/Content/EditorSounds/Notifications/CompileFailed_Cue.uasset" 167
"../../../Engine/Content/EditorSounds/Notifications/CompileSuccess.uasset" 168
"../../../Engine/Content/EditorSounds/Notifications/CompileStart_Cue.uasset" 169
"../../../Engine/Content/EditorSounds/Notifications/CompileSuccess_Cue.uasset" 170
"../../../Engine/Content/EngineDamageTypes/DmgTypeBP_Environmental.uasset" 171
"../../../Engine/Content/EngineDebugMaterials/DebugEditorMaterial.uasset" 172
"../../../Engine/Content/EngineDebugMaterials/DebugMeshMaterial.uasset" 173
"../../../Engine/Content/EngineDebugMaterials/M_SimpleTranslucent.uasset" 174
"../../../Engine/Content/Functions/Engine_MaterialFunctions02/Utility/CameraDirectionVector.uasset" 175
"../../../Engine/Content/EngineDebugMaterials/VolumeToRender.uasset" 176
"../../../Engine/Content/EngineDebugMaterials/M_VolumeRenderSphereTracePP.uasset" 177
"../../../Engine/Content/EngineDebugMaterials/WireframeMaterial.uasset" 178
"../../../Engine/Content/EngineFonts/Faces/RobotoBold.uasset" 179
"../../../Engine/Content/EngineFonts/Faces/RobotoBoldItalic.uasset" 180
"../../../Engine/Content/EngineFonts/Faces/RobotoItalic.uasset" 181
"../../../Engine/Content/EngineFonts/Faces/RobotoLight.uasset" 182
"../../../Engine/Content/EngineFonts/Faces/RobotoRegular.uasset" 183
"../../../Engine/Content/EngineFonts/Roboto.uasset" 184
"../../../Engine/Content/EngineMaterials/BaseFlattenDiffuseMap.uasset" 185
"../../../Engine/Content/EngineMaterials/BaseFlattenEmissiveMap.uasset" 186
"../../../Engine/Content/EngineMaterials/BaseFlattenGrayscaleMap.uasset" 187
"../../../Engine/Content/EngineMaterials/BaseFlattenNormalMap.uasset" 188
"../../../Engine/Content/EngineMaterials/BaseFlattenMaterial.uasset" 189
"../../../Engine/Content/EngineMaterials/BlueNoise.uasset" 190
"../../../Engine/Content/EngineMaterials/DefaultBloomKernel.uasset" 191
"../../../Engine/Content/EngineMaterials/DefaultBokeh.uasset" 192
"../../../Engine/Content/EngineMaterials/DefaultDeferredDecalMaterial.uasset" 193
"../../../Engine/Content/EngineMaterials/DefaultLightFunctionMaterial.uasset" 194
"../../../Engine/Content/EngineFonts/RobotoDistanceField.uasset" 195
"../../../Engine/Content/EngineMaterials/DefaultTextMaterialOpaque.uasset" 196
"../../../Engine/Content/EngineMaterials/DefaultVirtualTextureMaterial.uasset" 197
"../../../Engine/Content/EngineMaterials/DefaultWhiteGrid.uasset" 198
"../../../Engine/Content/EngineMaterials/DefaultWhiteGrid_Low.uasset" 199
"../../../Engine/Content/EngineMaterials/EmissiveMeshMaterial.uasset" 200
"../../../Engine/Content/EngineMaterials/GizmoMaterial.uasset" 201
"../../../Engine/Content/EngineMaterials/Good64x64TilingNoiseHighFreq.uasset" 202
"../../../Engine/Content/EngineMaterials/HairDefaultMaterial.uasset" 203
"../../../Engine/Content/EngineMaterials/MiniFont.uasset" 204
"../../../Engine/Content/EngineMaterials/InvalidLightmapSettings.uasset" 205
"../../../Engine/Content/EngineMaterials/M_InvalidLightmapSettings.uasset" 206
"../../../Engine/Content/Functions/Engine_MaterialFunctions02/WorldPositionOffset/CameraOffset.uasset" 207
"../../../Engine/Content/EngineMaterials/PhAT_JointLimitMaterial.uasset" 208
"../../../Engine/Content/EngineMaterials/PreintegratedSkinBRDF.uasset" 209
"../../../Engine/Content/EngineMaterials/RemoveSurfaceMaterial.uasset" 210
"../../../Engine/Content/EngineMaterials/WeightMapPlaceholderTexture.uasset" 211
"../../../Engine/Content/EngineResources/WhiteSquareTexture.uasset" 212
"../../../Engine/Content/EngineMaterials/Widget3DPassThrough.uasset" 213
"../../../Engine/Content/EngineMaterials/Widget3DPassThrough_Masked.uasset" 214
"../../../Engine/Content/EngineMaterials/Widget3DPassThrough_Opaque.uasset" 215
"../../../Engine/Content/EngineMaterials/Widget3DPassThrough_Masked_OneSided.uasset" 216
"../../../Engine/Content/EngineMaterials/Widget3DPassThrough_Opaque_OneSided.uasset" 217
"../../../Engine/Content/EngineMaterials/Widget3DPassThrough_Translucent.uasset" 218
"../../../Engine/Content/EngineMaterials/Widget3DPassThrough_Translucent_OneSided.uasset" 219
"../../../Engine/Content/EngineMeshes/Cylinder.uasset" 220
"../../../Engine/Content/EngineMeshes/Sphere.uasset" 221
"../../../Engine/Content/EngineResources/Black.uasset" 222
"../../../Engine/Content/EngineResources/DefaultTexture.uasset" 223
"../../../Engine/Content/EngineResources/DefaultTextureCube.uasset" 224
"../../../Engine/Content/EngineResources/DefaultVolumeTexture2D.uasset" 225
"../../../Engine/Content/EngineResources/DefaultVolumeTexture.uasset" 226
"../../../Engine/Content/EngineResources/GradientTexture0.uasset" 227
"../../../Engine/Content/EngineSounds/Master.uasset" 228
"../../../Engine/Content/Functions/Engine_MaterialFunctions01/Shading/ConvertFromDiffSpec.uasset" 229
"../../../Engine/Content/Functions/Engine_MaterialFunctions01/Shading/PowerToRoughness.uasset" 230
"../../../Engine/Content/Maps/Templates/Thumbnails/Default.uasset" 231
"../../../Engine/Content/Maps/Templates/Thumbnails/TimeOfDay.uasset" 232
"../../../Engine/Content/Maps/Templates/Thumbnails/VR-Basic.uasset" 233
"../../../Engine/Content/MobileResources/T_MobileControls_texture.uasset" 234
"../../../Engine/Content/MobileResources/T_MobileMenu2.uasset" 235
"../../../Engine/Content/MobileResources/HUD/AnalogHat.uasset" 236
"../../../Engine/Content/MobileResources/HUD/VirtualJoystick_Background.uasset" 237
"../../../Engine/Content/MobileResources/HUD/VirtualJoystick_Thumb.uasset" 238
"../../../Engine/Content/MobileResources/HUD/DefaultVirtualJoysticks.uasset" 239
"../../../Engine/Content/MobileResources/HUD/LeftVirtualJoystickOnly.uasset" 240
"../../../Engine/Content/MobileResources/HUD/MobileHUDButton1_off.uasset" 241
"../../../Engine/Content/MobileResources/HUD/MobileHUDButton1_on.uasset" 242
"../../../Engine/Content/MobileResources/HUD/MobileHUDButton2_off.uasset" 243
"../../../Engine/Content/MobileResources/HUD/MobileHUDButton2_on.uasset" 244
"../../../Engine/Content/MobileResources/HUD/MobileHUDButton3.uasset" 245
"../../../Engine/Content/MobileResources/HUD/MobileHUDButtonFire.uasset" 246
"../../../Engine/Content/MobileResources/HUD/MobileHUDDirectionPad.uasset" 247
"../../../Engine/Content/MobileResources/HUD/MobileHUDDirectionPad2.uasset" 248
"../../../Engine/Content/MobileResources/HUD/MobileHUDDirectionPad3.uasset" 249
"../../../Engine/Content/MobileResources/HUD/MobileHUDDirectionStick.uasset" 250
"../../../Engine/Content/MobileResources/HUD/T_Castle_ThumbstickInner.uasset" 251
"../../../Engine/Content/MobileResources/HUD/T_Castle_ThumbstickOutter.uasset" 252
"../../../Engine/Content/Tutorial/ContentIntroCurve.uasset" 253
"../../../Engine/Content/Tutorial/Basics/LevelEditorAttract.uasset" 254
"../../../Engine/Content/VREditor/LaserPointer/VR_LaserPower_01.uasset" 255
"../../../Engine/Content/VREditor/TransformGizmo/TransformGizmoMaterial.uasset" 256
"../../../Engine/Content/VREditor/TransformGizmo/TranslucentTransformGizmoMaterial.uasset" 257
"../../../Engine/Content/VREditor/TransformGizmo/BoundingBoxCorner.uasset" 258
"../../../Engine/Content/VREditor/TransformGizmo/BoundingBoxEdge.uasset" 259
"../../../Engine/Content/VREditor/TransformGizmo/PlaneTranslationHandle.uasset" 260
"../../../Engine/Content/VREditor/TransformGizmo/Main.uasset" 261
"../../../Engine/Content/VREditor/TransformGizmo/Xray.uasset" 262
"../../../Engine/Content/VREditor/TransformGizmo/SM_Sequencer_Key.uasset" 263
"../../../Engine/Content/VREditor/TransformGizmo/SM_Sequencer_Node.uasset" 264
"../../Plugins/2D/Paper2D/Content/PlaceholderTextures/DummySpriteTexture.uasset" 265
"../../Plugins/2D/Paper2D/Content/DummySprite.uasset" 266
"../../Plugins/2D/Paper2D/Content/DefaultPaperTerrainMaterial.uasset" 267
"../../Plugins/2D/Paper2D/Content/DummySpriteTexture.uasset" 268
"../../Plugins/2D/Paper2D/Content/DefaultSpriteMaterial.uasset" 269
"../../Plugins/2D/Paper2D/Content/MaskedUnlitSpriteMaterial.uasset" 270
"../../Plugins/2D/Paper2D/Content/OpaqueUnlitSpriteMaterial.uasset" 271
"../../../Engine/Content/EngineSky/C_Sky_Cloud_Color.uasset" 272
"../../../Engine/Content/EngineSky/C_Sky_Horizon_Color.uasset" 273
"../../../Engine/Content/EngineSky/C_Sky_Zenith_Color.uasset" 274
"../../../Engine/Content/EngineSky/T_Sky_Blue.uasset" 275
"../../../Engine/Content/EngineSky/T_Sky_Clouds_M.uasset" 276
"../../../Engine/Content/EngineSky/T_Sky_Stars.uasset" 277
"../../../Engine/Content/EngineSky/M_Sky_Panning_Clouds2.uasset" 278
"../../../Engine/Content/EngineSky/SM_SkySphere.uasset" 279
"../../../Engine/Content/EngineSky/BP_Sky_Sphere.uasset" 280
"../../../../../../Users/froms/Documents/Unreal Projects/Mortem/Content/World/Campfire_BuiltData.uasset" 281
"../../../../../../Users/froms/Documents/Unreal Projects/Mortem/Content/Landscape.uasset" 282
"../../../../../../Users/froms/Documents/Unreal Projects/Mortem/Content/Log.uasset" 283
"../../../../../../Users/froms/Documents/Unreal Projects/Mortem/Content/Logs.uasset" 284
"../../../../../../Users/froms/Documents/Unreal Projects/Mortem/Content/Moon.uasset" 285
"../../../../../../Users/froms/Documents/Unreal Projects/Mortem/Content/SittinLog.uasset" 286
"../../../../../../Users/froms/Documents/Unreal Projects/Mortem/Content/Seat.uasset" 287
"../../../../../../Users/froms/Documents/Unreal Projects/Mortem/Content/Stone.uasset" 288
"../../../Engine/Content/BasicShapes/Sphere.uasset" 289
"../../../Engine/Content/EngineMaterials/DefaultPhysicalMaterial.uasset" 290
"../../../../../../Users/froms/Documents/Unreal Projects/Mortem/Content/Geometry/Meshes/CampfireAssets_Cylinder.uasset" 291
"../../../../../../Users/froms/Documents/Unreal Projects/Mortem/Content/Geometry/Meshes/CampfireAssets_Firepit.uasset" 292
"../../../../../../Users/froms/Documents/Unreal Projects/Mortem/Content/Geometry/Meshes/CampfireAssets_WoodPile.uasset" 293
"../../../../../../Users/froms/Documents/Unreal Projects/Mortem/Content/World/Campfire.umap" 294
"../../../../../../Users/froms/Documents/Unreal Projects/Mortem/Content/Geometry/Materials/Hologram.uasset" 295
"../../../../../../Users/froms/Documents/Unreal Projects/Mortem/Content/Geometry/Meshes/1M_Cube.uasset" 296
"../../../../../../Users/froms/Documents/Unreal Projects/Mortem/Content/Blueprints/Gameplay/HologramActor.uasset" 297
"../../../Engine/Content/BasicShapes/BasicShapeMaterial.uasset" 298
"../../../../../../Users/froms/Documents/Unreal Projects/Mortem/Content/Blueprints/GUI/Textures/crossair_white.uasset" 299
"../../../../../../Users/froms/Documents/Unreal Projects/Mortem/Content/Blueprints/GUI/InGame/Marker.uasset" 300
"../../../../../../Users/froms/Documents/Unreal Projects/Mortem/Content/Blueprints/Gameplay/Objective.uasset" 301
"../../../../../../Users/froms/Documents/Unreal Projects/Mortem/Content/Geometry/Shards/Material/MI_Gem.uasset" 302
"../../../../../../Users/froms/Documents/Unreal Projects/Mortem/Content/Effects/Fog.uasset" 303
"../../../../../../Users/froms/Documents/Unreal Projects/Mortem/Content/Geometry/Shards/Gem.uasset" 304
"../../../../../../Users/froms/Documents/Unreal Projects/Mortem/Content/Blueprints/Gameplay/Target.uasset" 305
"../../../../../../Users/froms/Documents/Unreal Projects/Mortem/Content/Blueprints/Data/FragmentStructure.uasset" 306
"../../../../../../Users/froms/Documents/Unreal Projects/Mortem/Content/Blueprints/Data/FragmentData.uasset" 307
"../../../../../../Users/froms/Documents/Unreal Projects/Mortem/Content/Blueprints/GUI/InGame/UI_LevelCleared.uasset" 308
"../../../../../../Users/froms/Documents/Unreal Projects/Mortem/Content/Blueprints/Gameplay/GameManager.uasset" 309
"../../../../../../Users/froms/Documents/Unreal Projects/Mortem/Content/Geometry/Shards/shard1.uasset" 310
"../../../../../../Users/froms/Documents/Unreal Projects/Mortem/Content/Geometry/Shards/shard2.uasset" 311
"../../../../../../Users/froms/Documents/Unreal Projects/Mortem/Content/Geometry/Shards/shard3.uasset" 312
"../../../../../../Users/froms/Documents/Unreal Projects/Mortem/Content/Blueprints/Gameplay/Shard.uasset" 313
"../../../../../../Users/froms/Documents/Unreal Projects/Mortem/Content/Blueprints/GUI/InGame/UI_InteractDisplay.uasset" 314
"../../../../../../Users/froms/Documents/Unreal Projects/Mortem/Content/Blueprints/GUI/InGame/UI_Distance.uasset" 315
"../../../../../../Users/froms/Documents/Unreal Projects/Mortem/Content/Blueprints/GUI/InGame/UI_ObjectiveDisplay.uasset" 316
"../../../../../../Users/froms/Documents/Unreal Projects/Mortem/Content/Blueprints/GUI/InGame/UI_Objectives.uasset" 317
"../../../../../../Users/froms/Documents/Unreal Projects/Mortem/Content/Blueprints/GUI/InGame/UI_Timer.uasset" 318
"../../../../../../Users/froms/Documents/Unreal Projects/Mortem/Content/Blueprints/GUI/Textures/shardHUD.uasset" 319
"../../../../../../Users/froms/Documents/Unreal Projects/Mortem/Content/Blueprints/GUI/InGame/GUI.uasset" 320
"../../../../../../Users/froms/Documents/Unreal Projects/Mortem/Content/Blueprints/GUI/OptionsMenu/UI_AudioOptions.uasset" 321
"../../../../../../Users/froms/Documents/Unreal Projects/Mortem/Content/Blueprints/GUI/OptionsMenu/UI_GraphicsOptions.uasset" 322
"../../../../../../Users/froms/Documents/Unreal Projects/Mortem/Content/Blueprints/GUI/Textures/logo.uasset" 323
"../../../../../../Users/froms/Documents/Unreal Projects/Mortem/Content/Blueprints/GUI/UI_MainMenu.uasset" 324
"../../../../../../Users/froms/Documents/Unreal Projects/Mortem/Content/Blueprints/GUI/OptionsMenu/UI_OptionsMenu.uasset" 325
"../../../../../../Users/froms/Documents/Unreal Projects/Mortem/Content/Blueprints/GUI/InGame/UI_PauseMenu.uasset" 326
"../../../../../../Users/froms/Documents/Unreal Projects/Mortem/Content/Blueprints/PlayerCharacter.uasset" 327
"../../../../../../Users/froms/Documents/Unreal Projects/Mortem/Content/Blueprints/Gameplay/ObjectiveTrigger.uasset" 328
"../../../../../../Users/froms/Documents/Unreal Projects/Mortem/Content/Blueprints/MortemGameMode_BP.uasset" 329
"../../../../../../Users/froms/Documents/Unreal Projects/Mortem/Content/World/FirstPersonExampleMap_BuiltData.uasset" 330
"../../../Engine/Content/Functions/Engine_MaterialFunctions03/Procedurals/ComputeFilterWidth.uasset" 331
"../../../Engine/Content/EngineMaterials/AntiAliasedTextMaterialTranslucent.uasset" 332
"../../../../../../Users/froms/Documents/Unreal Projects/Mortem/Content/FirstPerson/Meshes/CubeMaterialOverride.uasset" 333
"../../../../../../Users/froms/Documents/Unreal Projects/Mortem/Content/Geometry/Meshes/CampfireAssets_Firepit_002.uasset" 334
"../../../../../../Users/froms/Documents/Unreal Projects/Mortem/Content/Geometry/Meshes/Suzanne.uasset" 335
"../../../../../../Users/froms/Documents/Unreal Projects/Mortem/Content/World/FirstPersonExampleMap.umap" 336
"../../../../../../Users/froms/Documents/Unreal Projects/Mortem/Content/Blueprints/GUI/MenuShardDisplay.uasset" 337
"../../../../../../Users/froms/Documents/Unreal Projects/Mortem/Content/Blueprints/MenuGM.uasset" 338
"../../../../../../Users/froms/Documents/Unreal Projects/Mortem/Content/World/MainMenu_BuiltData.uasset" 339
"../../../../../../Users/froms/Documents/Unreal Projects/Mortem/Content/Audio/Music/Fallharbor_Mortem_mainMenu_v003.uasset" 340
"../../../../../../Users/froms/Documents/Unreal Projects/Mortem/Content/Audio/Music/MainMenuMusic.uasset" 341
"../../../../../../Users/froms/Documents/Unreal Projects/Mortem/Content/Effects/Materials/DirtParticle.uasset" 342
"../../../../../../Users/froms/Documents/Unreal Projects/Mortem/Content/Effects/Materials/MI_Dirt.uasset" 343
"../../../../../../Users/froms/Documents/Unreal Projects/Mortem/Content/Effects/MenuParticleSystem.uasset" 344
"../../../../../../Users/froms/Documents/Unreal Projects/Mortem/Content/World/MainMenu.umap" 345
"../../../../../../Users/froms/Documents/Unreal Projects/Mortem/Content/World/WW2_BuiltData.uasset" 346
"../../../../../../Users/froms/Documents/Unreal Projects/Mortem/Content/Effects/Materials/RainParticle.uasset" 347
"../../../../../../Users/froms/Documents/Unreal Projects/Mortem/Content/Effects/Rain.uasset" 348
"../../../../../../Users/froms/Documents/Unreal Projects/Mortem/Content/World/WW2.umap" 349
"../../../Engine/Content/Maps/Entry_BuiltData.uasset" 350
"../../../Engine/Content/Maps/Entry.umap" 351
